<?xml version="1.0" encoding="UTF-8"?>
<testng-results ignored="0" total="1" passed="1" failed="0" skipped="0">
  <reporter-output>
  </reporter-output>
  <suite started-at="2024-10-29T15:32:20 IST" name="Suite" finished-at="2024-10-29T15:32:48 IST" duration-ms="27914">
    <groups>
    </groups>
    <test started-at="2024-10-29T15:32:20 IST" name="Test" finished-at="2024-10-29T15:32:48 IST" duration-ms="27914">
      <class name="hrms.qa.testcases.UserTest">
        <test-method is-config="true" signature="setup()[pri:0, instance:hrms.qa.testcases.UserTest@1ce24091]" started-at="2024-10-29T15:32:21 IST" name="setup" finished-at="2024-10-29T15:32:36 IST" duration-ms="14288" status="PASS">
          <reporter-output>
          </reporter-output>
        </test-method> <!-- setup -->
        <test-method signature="doLogi(java.lang.String,java.lang.String,java.lang.String,java.lang.String,java.lang.String,java.lang.String,java.lang.String,java.lang.String,java.lang.String,java.lang.String,java.lang.String,java.lang.String,java.lang.String,java.lang.String,java.lang.String)[pri:0, instance:hrms.qa.testcases.UserTest@1ce24091]" started-at="2024-10-29T15:32:36 IST" name="doLogi" data-provider="getADDUSERTestData" finished-at="2024-10-29T15:32:47 IST" duration-ms="11152" status="PASS">
          <params>
            <param index="0">
              <value>
                <![CDATA[Arun]]>
              </value>
            </param>
            <param index="1">
              <value>
                <![CDATA[Kumar]]>
              </value>
            </param>
            <param index="2">
              <value>
                <![CDATA[929839skad]]>
              </value>
            </param>
            <param index="3">
              <value>
                <![CDATA[22-10-1994]]>
              </value>
            </param>
            <param index="4">
              <value>
                <![CDATA[21-10-2024]]>
              </value>
            </param>
            <param index="5">
              <value>
                <![CDATA[Male]]>
              </value>
            </param>
            <param index="6">
              <value>
                <![CDATA[4.362436436E9]]>
              </value>
            </param>
            <param index="7">
              <value>
                <![CDATA[AK@gmail.com]]>
              </value>
            </param>
            <param index="8">
              <value>
                <![CDATA[ka@gmial.com]]>
              </value>
            </param>
            <param index="9">
              <value>
                <![CDATA[India]]>
              </value>
            </param>
            <param index="10">
              <value>
                <![CDATA[Tamil Nadu]]>
              </value>
            </param>
            <param index="11">
              <value>
                <![CDATA[Thanjavur]]>
              </value>
            </param>
            <param index="12">
              <value>
                <![CDATA[614625.0]]>
              </value>
            </param>
            <param index="13">
              <value>
                <![CDATA[xcxfgsggwegfresg]]>
              </value>
            </param>
            <param index="14">
              <value>
                <![CDATA[skdafjhbdsjdskahfliua]]>
              </value>
            </param>
          </params>
          <reporter-output>
          </reporter-output>
        </test-method> <!-- doLogi -->
        <test-method is-config="true" signature="tearDown()[pri:0, instance:hrms.qa.testcases.UserTest@1ce24091]" started-at="2024-10-29T15:32:47 IST" name="tearDown" finished-at="2024-10-29T15:32:48 IST" duration-ms="1214" status="PASS">
          <reporter-output>
          </reporter-output>
        </test-method> <!-- tearDown -->
      </class> <!-- hrms.qa.testcases.UserTest -->
    </test> <!-- Test -->
  </suite> <!-- Suite -->
</testng-results>
